[06: 47: 16] [ip]: ::1 - [method]: POST [url]: /main/send_test HTTP/1.1 [status]: 500 [response-time]: 1.343 ms [client]: Mozilla/5.0 (Macintosh; Intel Mac OS X 10_15_6) AppleWebKit/537.36 (KHTML, like Gecko) Chrome/85.0.4183.83 Safari/537.36
[06: 49: 15] [ip]: ::1 - [method]: POST [url]: /main/send_test HTTP/1.1 [status]: 500 [response-time]: 1.545 ms [client]: Mozilla/5.0 (Macintosh; Intel Mac OS X 10_15_6) AppleWebKit/537.36 (KHTML, like Gecko) Chrome/85.0.4183.83 Safari/537.36
[06: 54: 44] [ip]: ::1 - [method]: POST [url]: /main/send_test HTTP/1.1 [status]: 500 [response-time]: 1.065 ms [client]: Mozilla/5.0 (Macintosh; Intel Mac OS X 10_15_6) AppleWebKit/537.36 (KHTML, like Gecko) Chrome/85.0.4183.83 Safari/537.36
[07: 47: 08] [ip]: ::ffff:192.168.1.77 - [method]: GET [url]: /main/hello HTTP/1.1 [status]: 200 [response-time]: 5.957 ms [client]: PostmanRuntime/7.26.3
[08: 33: 35] [ip]: ::1 - [method]: POST [url]: /main/send_test HTTP/1.1 [status]: 200 [response-time]: 4.010 ms [client]: Mozilla/5.0 (Macintosh; Intel Mac OS X 10_15_6) AppleWebKit/537.36 (KHTML, like Gecko) Chrome/85.0.4183.83 Safari/537.36
[08: 33: 35] [ip]: ::1 - [method]: POST [url]: /main/send_test HTTP/1.1 [status]: 200 [response-time]: 1.258 ms [client]: Mozilla/5.0 (Macintosh; Intel Mac OS X 10_15_6) AppleWebKit/537.36 (KHTML, like Gecko) Chrome/85.0.4183.83 Safari/537.36
[08: 33: 35] [ip]: ::1 - [method]: POST [url]: /main/send_test HTTP/1.1 [status]: 200 [response-time]: 1.088 ms [client]: Mozilla/5.0 (Macintosh; Intel Mac OS X 10_15_6) AppleWebKit/537.36 (KHTML, like Gecko) Chrome/85.0.4183.83 Safari/537.36
[08: 36: 00] [ip]: ::1 - [method]: POST [url]: /main/send_test HTTP/1.1 [status]: 500 [response-time]: 1.140 ms [client]: Mozilla/5.0 (Macintosh; Intel Mac OS X 10_15_6) AppleWebKit/537.36 (KHTML, like Gecko) Chrome/85.0.4183.83 Safari/537.36
[08: 36: 53] [ip]: ::1 - [method]: POST [url]: /main/send_test HTTP/1.1 [status]: 200 [response-time]: 3.388 ms [client]: Mozilla/5.0 (Macintosh; Intel Mac OS X 10_15_6) AppleWebKit/537.36 (KHTML, like Gecko) Chrome/85.0.4183.83 Safari/537.36
[08: 46: 05] [ip]: ::1 - [method]: POST [url]: /main/send_data HTTP/1.1 [status]: 200 [response-time]: 3.116 ms [client]: Mozilla/5.0 (Macintosh; Intel Mac OS X 10_15_6) AppleWebKit/537.36 (KHTML, like Gecko) Chrome/85.0.4183.83 Safari/537.36
[08: 48: 17] [ip]: ::1 - [method]: POST [url]: /main/send_data HTTP/1.1 [status]: 200 [response-time]: 3.398 ms [client]: Mozilla/5.0 (Macintosh; Intel Mac OS X 10_15_6) AppleWebKit/537.36 (KHTML, like Gecko) Chrome/85.0.4183.83 Safari/537.36
[08: 48: 17] [ip]: ::1 - [method]: POST [url]: /main/send_data HTTP/1.1 [status]: 200 [response-time]: 1.536 ms [client]: Mozilla/5.0 (Macintosh; Intel Mac OS X 10_15_6) AppleWebKit/537.36 (KHTML, like Gecko) Chrome/85.0.4183.83 Safari/537.36
[08: 48: 17] [ip]: ::1 - [method]: POST [url]: /main/send_test HTTP/1.1 [status]: 200 [response-time]: 1.313 ms [client]: Mozilla/5.0 (Macintosh; Intel Mac OS X 10_15_6) AppleWebKit/537.36 (KHTML, like Gecko) Chrome/85.0.4183.83 Safari/537.36
[08: 51: 40] [ip]: ::1 - [method]: POST [url]: /main/send_test HTTP/1.1 [status]: 200 [response-time]: 3.856 ms [client]: Mozilla/5.0 (Macintosh; Intel Mac OS X 10_15_6) AppleWebKit/537.36 (KHTML, like Gecko) Chrome/85.0.4183.83 Safari/537.36
[08: 52: 24] [ip]: ::1 - [method]: POST [url]: /main/send_test HTTP/1.1 [status]: 200 [response-time]: 3.685 ms [client]: Mozilla/5.0 (Macintosh; Intel Mac OS X 10_15_6) AppleWebKit/537.36 (KHTML, like Gecko) Chrome/85.0.4183.83 Safari/537.36
[09: 40: 36] [ip]: ::1 - [method]: GET [url]: /main/hello HTTP/1.1 [status]: 200 [response-time]: 4.723 ms [client]: Mozilla/5.0 (Macintosh; Intel Mac OS X 10_15_6) AppleWebKit/537.36 (KHTML, like Gecko) Chrome/85.0.4183.83 Safari/537.36
[09: 46: 14] [ip]: ::1 - [method]: GET [url]: /main/hello HTTP/1.1 [status]: 200 [response-time]: 3.834 ms [client]: Mozilla/5.0 (Macintosh; Intel Mac OS X 10_15_6) AppleWebKit/537.36 (KHTML, like Gecko) Chrome/85.0.4183.83 Safari/537.36
[10: 30: 10] [ip]: ::1 - [method]: POST [url]: /main/send_test HTTP/1.1 [status]: 500 [response-time]: 4.182 ms [client]: Mozilla/5.0 (Macintosh; Intel Mac OS X 10_15_6) AppleWebKit/537.36 (KHTML, like Gecko) Chrome/85.0.4183.83 Safari/537.36
[10: 31: 08] [ip]: ::1 - [method]: POST [url]: /main/send_test HTTP/1.1 [status]: 500 [response-time]: 2.066 ms [client]: Mozilla/5.0 (Macintosh; Intel Mac OS X 10_15_6) AppleWebKit/537.36 (KHTML, like Gecko) Chrome/85.0.4183.83 Safari/537.36
[10: 31: 08] [ip]: ::1 - [method]: POST [url]: /main/send_test HTTP/1.1 [status]: 500 [response-time]: 0.488 ms [client]: Mozilla/5.0 (Macintosh; Intel Mac OS X 10_15_6) AppleWebKit/537.36 (KHTML, like Gecko) Chrome/85.0.4183.83 Safari/537.36
[10: 31: 08] [ip]: ::1 - [method]: POST [url]: /main/send_test HTTP/1.1 [status]: 500 [response-time]: 0.345 ms [client]: Mozilla/5.0 (Macintosh; Intel Mac OS X 10_15_6) AppleWebKit/537.36 (KHTML, like Gecko) Chrome/85.0.4183.83 Safari/537.36
[10: 31: 51] [ip]: ::1 - [method]: POST [url]: /main/send_test HTTP/1.1 [status]: 500 [response-time]: 0.996 ms [client]: Mozilla/5.0 (Macintosh; Intel Mac OS X 10_15_6) AppleWebKit/537.36 (KHTML, like Gecko) Chrome/85.0.4183.83 Safari/537.36
[10: 32: 43] [ip]: ::1 - [method]: POST [url]: /main/send_test HTTP/1.1 [status]: 500 [response-time]: 0.945 ms [client]: Mozilla/5.0 (Macintosh; Intel Mac OS X 10_15_6) AppleWebKit/537.36 (KHTML, like Gecko) Chrome/85.0.4183.83 Safari/537.36
[10: 33: 30] [ip]: ::1 - [method]: POST [url]: /main/send_test HTTP/1.1 [status]: 500 [response-time]: 0.977 ms [client]: Mozilla/5.0 (Macintosh; Intel Mac OS X 10_15_6) AppleWebKit/537.36 (KHTML, like Gecko) Chrome/85.0.4183.83 Safari/537.36
[10: 34: 23] [ip]: ::1 - [method]: POST [url]: /main/send_test HTTP/1.1 [status]: 500 [response-time]: 0.963 ms [client]: Mozilla/5.0 (Macintosh; Intel Mac OS X 10_15_6) AppleWebKit/537.36 (KHTML, like Gecko) Chrome/85.0.4183.83 Safari/537.36
[10: 35: 46] [ip]: ::1 - [method]: POST [url]: /main/send_test HTTP/1.1 [status]: 500 [response-time]: 0.962 ms [client]: Mozilla/5.0 (Macintosh; Intel Mac OS X 10_15_6) AppleWebKit/537.36 (KHTML, like Gecko) Chrome/85.0.4183.83 Safari/537.36
[10: 35: 57] [ip]: ::1 - [method]: POST [url]: /main/send_test HTTP/1.1 [status]: 500 [response-time]: 1.135 ms [client]: Mozilla/5.0 (Macintosh; Intel Mac OS X 10_15_6) AppleWebKit/537.36 (KHTML, like Gecko) Chrome/85.0.4183.83 Safari/537.36
[10: 35: 57] [ip]: ::1 - [method]: POST [url]: /main/send_test HTTP/1.1 [status]: 500 [response-time]: 0.327 ms [client]: Mozilla/5.0 (Macintosh; Intel Mac OS X 10_15_6) AppleWebKit/537.36 (KHTML, like Gecko) Chrome/85.0.4183.83 Safari/537.36
[10: 52: 54] [ip]: ::1 - [method]: POST [url]: /main/send_test HTTP/1.1 [status]: 500 [response-time]: 1.010 ms [client]: Mozilla/5.0 (Macintosh; Intel Mac OS X 10_15_6) AppleWebKit/537.36 (KHTML, like Gecko) Chrome/85.0.4183.83 Safari/537.36
[10: 52: 54] [ip]: ::1 - [method]: POST [url]: /main/send_test HTTP/1.1 [status]: 500 [response-time]: 0.297 ms [client]: Mozilla/5.0 (Macintosh; Intel Mac OS X 10_15_6) AppleWebKit/537.36 (KHTML, like Gecko) Chrome/85.0.4183.83 Safari/537.36
[10: 52: 54] [ip]: ::1 - [method]: POST [url]: /main/send_test HTTP/1.1 [status]: 500 [response-time]: 0.266 ms [client]: Mozilla/5.0 (Macintosh; Intel Mac OS X 10_15_6) AppleWebKit/537.36 (KHTML, like Gecko) Chrome/85.0.4183.83 Safari/537.36
[10: 54: 05] [ip]: ::1 - [method]: POST [url]: /main/send_test HTTP/1.1 [status]: 500 [response-time]: 0.892 ms [client]: Mozilla/5.0 (Macintosh; Intel Mac OS X 10_15_6) AppleWebKit/537.36 (KHTML, like Gecko) Chrome/85.0.4183.83 Safari/537.36
[10: 54: 45] [ip]: ::1 - [method]: POST [url]: /main/send_test HTTP/1.1 [status]: 500 [response-time]: 1.018 ms [client]: Mozilla/5.0 (Macintosh; Intel Mac OS X 10_15_6) AppleWebKit/537.36 (KHTML, like Gecko) Chrome/85.0.4183.83 Safari/537.36
[11: 08: 49] [ip]: ::1 - [method]: POST [url]: /main/send_test HTTP/1.1 [status]: - [response-time]: - ms [client]: Mozilla/5.0 (Macintosh; Intel Mac OS X 10_15_6) AppleWebKit/537.36 (KHTML, like Gecko) Chrome/85.0.4183.83 Safari/537.36
[11: 10: 50] [ip]: ::1 - [method]: POST [url]: /main/send_test HTTP/1.1 [status]: 500 [response-time]: 0.941 ms [client]: Mozilla/5.0 (Macintosh; Intel Mac OS X 10_15_6) AppleWebKit/537.36 (KHTML, like Gecko) Chrome/85.0.4183.83 Safari/537.36
[11: 12: 27] [ip]: ::1 - [method]: POST [url]: /main/send_test HTTP/1.1 [status]: 500 [response-time]: 1.098 ms [client]: Mozilla/5.0 (Macintosh; Intel Mac OS X 10_15_6) AppleWebKit/537.36 (KHTML, like Gecko) Chrome/85.0.4183.83 Safari/537.36
[11: 12: 27] [ip]: ::1 - [method]: POST [url]: /main/send_test HTTP/1.1 [status]: 500 [response-time]: 0.315 ms [client]: Mozilla/5.0 (Macintosh; Intel Mac OS X 10_15_6) AppleWebKit/537.36 (KHTML, like Gecko) Chrome/85.0.4183.83 Safari/537.36
[11: 23: 24] [ip]: ::1 - [method]: POST [url]: /main/send_test HTTP/1.1 [status]: - [response-time]: - ms [client]: Mozilla/5.0 (Macintosh; Intel Mac OS X 10_15_6) AppleWebKit/537.36 (KHTML, like Gecko) Chrome/85.0.4183.83 Safari/537.36
[11: 26: 39] [ip]: ::1 - [method]: POST [url]: /main/send_test HTTP/1.1 [status]: - [response-time]: - ms [client]: Mozilla/5.0 (Macintosh; Intel Mac OS X 10_15_6) AppleWebKit/537.36 (KHTML, like Gecko) Chrome/85.0.4183.83 Safari/537.36
