[13: 40: 47] [ip]: ::1 - [method]: GET [url]: /main/image/camera/snapshot_18_34_17.png HTTP/1.1 [status]: 200 [response-time]: 5.006 ms [client]: Mozilla/5.0 (Macintosh; Intel Mac OS X 10_15_6) AppleWebKit/537.36 (KHTML, like Gecko) Chrome/85.0.4183.121 Safari/537.36
[14: 25: 07] [ip]: ::1 - [method]: GET [url]: /main/information HTTP/1.1 [status]: 200 [response-time]: 3.661 ms [client]: Mozilla/5.0 (Macintosh; Intel Mac OS X 10_15_6) AppleWebKit/537.36 (KHTML, like Gecko) Chrome/85.0.4183.121 Safari/537.36
[14: 32: 55] [ip]: ::1 - [method]: POST [url]: /main/register HTTP/1.1 [status]: 200 [response-time]: 9.174 ms [client]: Mozilla/5.0 (Macintosh; Intel Mac OS X 10_15_6) AppleWebKit/537.36 (KHTML, like Gecko) Chrome/85.0.4183.121 Safari/537.36
[14: 32: 55] [ip]: ::1 - [method]: POST [url]: /main/register HTTP/1.1 [status]: 200 [response-time]: 2.489 ms [client]: Mozilla/5.0 (Macintosh; Intel Mac OS X 10_15_6) AppleWebKit/537.36 (KHTML, like Gecko) Chrome/85.0.4183.121 Safari/537.36
[14: 35: 04] [ip]: ::1 - [method]: POST [url]: /main/register HTTP/1.1 [status]: 200 [response-time]: 4.993 ms [client]: Mozilla/5.0 (Macintosh; Intel Mac OS X 10_15_6) AppleWebKit/537.36 (KHTML, like Gecko) Chrome/85.0.4183.121 Safari/537.36
[14: 35: 27] [ip]: ::1 - [method]: POST [url]: /main/register HTTP/1.1 [status]: 200 [response-time]: 4.575 ms [client]: Mozilla/5.0 (Macintosh; Intel Mac OS X 10_15_6) AppleWebKit/537.36 (KHTML, like Gecko) Chrome/85.0.4183.121 Safari/537.36
[14: 35: 57] [ip]: ::1 - [method]: POST [url]: /main/register HTTP/1.1 [status]: 200 [response-time]: 4.837 ms [client]: Mozilla/5.0 (Macintosh; Intel Mac OS X 10_15_6) AppleWebKit/537.36 (KHTML, like Gecko) Chrome/85.0.4183.121 Safari/537.36
[14: 36: 44] [ip]: ::1 - [method]: POST [url]: /main/register HTTP/1.1 [status]: 200 [response-time]: 4.797 ms [client]: Mozilla/5.0 (Macintosh; Intel Mac OS X 10_15_6) AppleWebKit/537.36 (KHTML, like Gecko) Chrome/85.0.4183.121 Safari/537.36
[14: 38: 00] [ip]: ::1 - [method]: POST [url]: /main/register HTTP/1.1 [status]: 200 [response-time]: 3.946 ms [client]: Mozilla/5.0 (Macintosh; Intel Mac OS X 10_15_6) AppleWebKit/537.36 (KHTML, like Gecko) Chrome/85.0.4183.121 Safari/537.36
[14: 39: 18] [ip]: ::1 - [method]: GET [url]: /main/delete/18 HTTP/1.1 [status]: 404 [response-time]: 1.659 ms [client]: Mozilla/5.0 (Macintosh; Intel Mac OS X 10_15_6) AppleWebKit/537.36 (KHTML, like Gecko) Chrome/85.0.4183.121 Safari/537.36
[14: 39: 18] [ip]: ::1 - [method]: DELETE [url]: /main/delete/18 HTTP/1.1 [status]: 404 [response-time]: 0.241 ms [client]: Mozilla/5.0 (Macintosh; Intel Mac OS X 10_15_6) AppleWebKit/537.36 (KHTML, like Gecko) Chrome/85.0.4183.121 Safari/537.36
[14: 41: 04] [ip]: ::1 - [method]: DELETE [url]: /main/delete/18 HTTP/1.1 [status]: 404 [response-time]: 1.716 ms [client]: Mozilla/5.0 (Macintosh; Intel Mac OS X 10_15_6) AppleWebKit/537.36 (KHTML, like Gecko) Chrome/85.0.4183.121 Safari/537.36
[14: 41: 51] [ip]: ::1 - [method]: DELETE [url]: /main/delete/ HTTP/1.1 [status]: 404 [response-time]: 1.820 ms [client]: Mozilla/5.0 (Macintosh; Intel Mac OS X 10_15_6) AppleWebKit/537.36 (KHTML, like Gecko) Chrome/85.0.4183.121 Safari/537.36
[14: 43: 12] [ip]: ::1 - [method]: DELETE [url]: /main/delete HTTP/1.1 [status]: 404 [response-time]: 1.780 ms [client]: Mozilla/5.0 (Macintosh; Intel Mac OS X 10_15_6) AppleWebKit/537.36 (KHTML, like Gecko) Chrome/85.0.4183.121 Safari/537.36
[14: 43: 12] [ip]: ::1 - [method]: DELETE [url]: /main/delete HTTP/1.1 [status]: 404 [response-time]: 0.322 ms [client]: Mozilla/5.0 (Macintosh; Intel Mac OS X 10_15_6) AppleWebKit/537.36 (KHTML, like Gecko) Chrome/85.0.4183.121 Safari/537.36
[14: 47: 44] [ip]: ::1 - [method]: DELETE [url]: /main/delete/18 HTTP/1.1 [status]: 404 [response-time]: 2.086 ms [client]: Mozilla/5.0 (Macintosh; Intel Mac OS X 10_15_6) AppleWebKit/537.36 (KHTML, like Gecko) Chrome/85.0.4183.121 Safari/537.36
[14: 48: 42] [ip]: ::1 - [method]: DELETE [url]: /main/delete HTTP/1.1 [status]: 404 [response-time]: 2.060 ms [client]: Mozilla/5.0 (Macintosh; Intel Mac OS X 10_15_6) AppleWebKit/537.36 (KHTML, like Gecko) Chrome/85.0.4183.121 Safari/537.36
[14: 49: 23] [ip]: ::1 - [method]: DELETE [url]: /main/delete HTTP/1.1 [status]: 404 [response-time]: 1.634 ms [client]: Mozilla/5.0 (Macintosh; Intel Mac OS X 10_15_6) AppleWebKit/537.36 (KHTML, like Gecko) Chrome/85.0.4183.121 Safari/537.36
[14: 49: 51] [ip]: ::1 - [method]: DELETE [url]: /main/delete HTTP/1.1 [status]: 200 [response-time]: 4.942 ms [client]: Mozilla/5.0 (Macintosh; Intel Mac OS X 10_15_6) AppleWebKit/537.36 (KHTML, like Gecko) Chrome/85.0.4183.121 Safari/537.36
[14: 52: 31] [ip]: ::1 - [method]: POST [url]: /main/register HTTP/1.1 [status]: 200 [response-time]: 4.043 ms [client]: Mozilla/5.0 (Macintosh; Intel Mac OS X 10_15_6) AppleWebKit/537.36 (KHTML, like Gecko) Chrome/85.0.4183.121 Safari/537.36
[14: 52: 31] [ip]: ::1 - [method]: DELETE [url]: /main/delete/19 HTTP/1.1 [status]: 200 [response-time]: 1.390 ms [client]: Mozilla/5.0 (Macintosh; Intel Mac OS X 10_15_6) AppleWebKit/537.36 (KHTML, like Gecko) Chrome/85.0.4183.121 Safari/537.36
[14: 52: 31] [ip]: ::1 - [method]: DELETE [url]: /main/delete/19 HTTP/1.1 [status]: 200 [response-time]: 1.033 ms [client]: Mozilla/5.0 (Macintosh; Intel Mac OS X 10_15_6) AppleWebKit/537.36 (KHTML, like Gecko) Chrome/85.0.4183.121 Safari/537.36
[15: 06: 30] [ip]: ::1 - [method]: DELETE [url]: /main/delete/19 HTTP/1.1 [status]: 200 [response-time]: 5.135 ms [client]: Mozilla/5.0 (Macintosh; Intel Mac OS X 10_15_6) AppleWebKit/537.36 (KHTML, like Gecko) Chrome/85.0.4183.121 Safari/537.36
[16: 16: 05] [ip]: ::1 - [method]: POST [url]: /main/register HTTP/1.1 [status]: 200 [response-time]: 3.988 ms [client]: Mozilla/5.0 (Macintosh; Intel Mac OS X 10_15_6) AppleWebKit/537.36 (KHTML, like Gecko) Chrome/85.0.4183.121 Safari/537.36
[16: 25: 53] [ip]: ::1 - [method]: PUT [url]: /main/edit/20 HTTP/1.1 [status]: 200 [response-time]: 5.869 ms [client]: Mozilla/5.0 (Macintosh; Intel Mac OS X 10_15_6) AppleWebKit/537.36 (KHTML, like Gecko) Chrome/85.0.4183.121 Safari/537.36
[16: 26: 18] [ip]: ::1 - [method]: PUT [url]: /main/edit/20 HTTP/1.1 [status]: 200 [response-time]: 3.141 ms [client]: Mozilla/5.0 (Macintosh; Intel Mac OS X 10_15_6) AppleWebKit/537.36 (KHTML, like Gecko) Chrome/85.0.4183.121 Safari/537.36
[16: 30: 26] [ip]: ::1 - [method]: PUT [url]: /main/edit/20 HTTP/1.1 [status]: 200 [response-time]: 2.919 ms [client]: Mozilla/5.0 (Macintosh; Intel Mac OS X 10_15_6) AppleWebKit/537.36 (KHTML, like Gecko) Chrome/85.0.4183.121 Safari/537.36
